{
  "RSpec": {
    "coverage": {
      "/home/arpitd/Desktop/Ruby/E_Commerce/backend/app/models/user.rb": {
        "lines": [
          1,
          null,
          null,
          1,
          null,
          null,
          null,
          1,
          null,
          1,
          null,
          null,
          null,
          null,
          1,
          null,
          1,
          28,
          null,
          null
        ]
      },
      "/home/arpitd/Desktop/Ruby/E_Commerce/backend/app/models/application_record.rb": {
        "lines": [
          1,
          1,
          null
        ]
      },
      "/home/arpitd/Desktop/Ruby/E_Commerce/backend/app/models/jwt_denylist.rb": {
        "lines": [
          1,
          1,
          null
        ]
      },
      "/home/arpitd/Desktop/Ruby/E_Commerce/backend/app/controllers/api/v1/products_controller.rb": {
        "lines": [
          1,
          1,
          1,
          1,
          1,
          null,
          1,
          3,
          null,
          null,
          1,
          1,
          null,
          null,
          1,
          6,
          5,
          5,
          1,
          null,
          4,
          null,
          null,
          null,
          1,
          2,
          null,
          1,
          1,
          null,
          0,
          null,
          null,
          null,
          1,
          2,
          1,
          1,
          null,
          null,
          1,
          null,
          1,
          8,
          null,
          null,
          1,
          6,
          null,
          null,
          null,
          null
        ]
      },
      "/home/arpitd/Desktop/Ruby/E_Commerce/backend/app/controllers/api/v1/base_controller.rb": {
        "lines": [
          1,
          1,
          1,
          1,
          null,
          1,
          4,
          null,
          null,
          null,
          null
        ]
      },
      "/home/arpitd/Desktop/Ruby/E_Commerce/backend/app/controllers/application_controller.rb": {
        "lines": [
          1,
          1,
          null,
          1,
          null,
          1,
          35,
          null,
          null
        ]
      },
      "/home/arpitd/Desktop/Ruby/E_Commerce/backend/app/models/product.rb": {
        "lines": [
          1,
          1,
          null,
          1,
          1,
          1,
          null,
          1,
          null,
          1,
          null,
          1,
          null
        ]
      },
      "/home/arpitd/Desktop/Ruby/E_Commerce/backend/app/policies/product_policy.rb": {
        "lines": [
          1,
          1,
          6,
          null,
          null,
          1,
          2,
          null,
          null,
          1,
          2,
          null,
          null,
          1,
          0,
          null,
          null,
          1,
          0,
          null,
          null
        ]
      },
      "/home/arpitd/Desktop/Ruby/E_Commerce/backend/app/policies/application_policy.rb": {
        "lines": [
          null,
          null,
          1,
          1,
          null,
          1,
          16,
          16,
          null,
          null,
          1,
          0,
          null,
          null,
          1,
          0,
          null,
          null,
          1,
          0,
          null,
          null,
          1,
          0,
          null,
          null,
          1,
          0,
          null,
          null,
          1,
          0,
          null,
          null,
          1,
          0,
          null,
          null,
          1,
          1,
          0,
          0,
          null,
          null,
          1,
          0,
          null,
          null,
          1,
          null,
          1,
          null,
          null
        ]
      },
      "/home/arpitd/Desktop/Ruby/E_Commerce/backend/app/models/order.rb": {
        "lines": [
          1,
          1,
          1,
          null,
          1,
          null,
          null,
          null,
          null,
          null
        ]
      },
      "/home/arpitd/Desktop/Ruby/E_Commerce/backend/app/models/order_item.rb": {
        "lines": [
          1,
          1,
          1,
          null,
          1,
          1,
          null
        ]
      },
      "/home/arpitd/Desktop/Ruby/E_Commerce/backend/app/controllers/api/v1/orders_controller.rb": {
        "lines": [
          1,
          1,
          1,
          1,
          1,
          null,
          1,
          1,
          null,
          1,
          1,
          null,
          0,
          null,
          null,
          null,
          1,
          0,
          0,
          null,
          0,
          null,
          0,
          null,
          null,
          1,
          0,
          null,
          0,
          0,
          null,
          null,
          1,
          0,
          0,
          null,
          null,
          1,
          3,
          null,
          3,
          3,
          0,
          null,
          null,
          3,
          3,
          0,
          null,
          null,
          null,
          3,
          1,
          null,
          null,
          2,
          2,
          null,
          null,
          2,
          2,
          1,
          null,
          null,
          1,
          1,
          1,
          null,
          1,
          1,
          1,
          null,
          null,
          1,
          null,
          null,
          1,
          0,
          0,
          null,
          0,
          0,
          null,
          0,
          null,
          null,
          1,
          0,
          0,
          null,
          0,
          0,
          null,
          0,
          null,
          null,
          1,
          8,
          6,
          null,
          null,
          5,
          0,
          null,
          null,
          null,
          5,
          0,
          null,
          null,
          5,
          5,
          7,
          null,
          7,
          2,
          null,
          5,
          2,
          null,
          null,
          3,
          null,
          1,
          1,
          null,
          1,
          null,
          null,
          null,
          null,
          null,
          null,
          null,
          4,
          null,
          null,
          1,
          null,
          1,
          null,
          0,
          0,
          null,
          0,
          null,
          null,
          null,
          1,
          1,
          1,
          null,
          null,
          null,
          null
        ]
      },
      "/home/arpitd/Desktop/Ruby/E_Commerce/backend/app/policies/order_policy.rb": {
        "lines": [
          1,
          null,
          null,
          null,
          null,
          null,
          null,
          1,
          0,
          null,
          null,
          1,
          0,
          null,
          null,
          1,
          0,
          null,
          null,
          1,
          6,
          null,
          null,
          1,
          0,
          null,
          null,
          1,
          null,
          null,
          null,
          null,
          null,
          null
        ]
      },
      "/home/arpitd/Desktop/Ruby/E_Commerce/backend/app/jobs/order_confirmation_job.rb": {
        "lines": [
          1,
          1,
          null,
          1,
          0,
          0,
          null,
          null
        ]
      },
      "/home/arpitd/Desktop/Ruby/E_Commerce/backend/app/jobs/application_job.rb": {
        "lines": [
          1,
          null,
          null,
          null,
          null,
          null,
          null
        ]
      },
      "/home/arpitd/Desktop/Ruby/E_Commerce/backend/app/controllers/api/v1/health_controller.rb": {
        "lines": [
          1,
          1,
          1,
          1,
          1,
          null,
          null,
          null,
          null
        ]
      },
      "/home/arpitd/Desktop/Ruby/E_Commerce/backend/app/controllers/api/v1/sessions_controller.rb": {
        "lines": [
          1,
          1,
          1,
          1,
          null,
          1,
          2,
          1,
          null,
          1,
          null,
          1,
          null,
          null,
          null,
          null,
          null,
          null,
          1,
          null,
          1,
          null,
          null,
          1,
          1,
          null,
          null,
          null,
          null
        ]
      },
      "/home/arpitd/Desktop/Ruby/E_Commerce/backend/app/mailers/application_mailer.rb": {
        "lines": [
          0,
          0,
          0,
          0
        ],
        "branches": {}
      },
      "/home/arpitd/Desktop/Ruby/E_Commerce/backend/app/mailers/order_mailer.rb": {
        "lines": [
          0,
          0,
          0,
          0,
          0,
          0
        ],
        "branches": {}
      },
      "/home/arpitd/Desktop/Ruby/E_Commerce/backend/app/models/admin.rb": {
        "lines": [
          0,
          0
        ],
        "branches": {}
      },
      "/home/arpitd/Desktop/Ruby/E_Commerce/backend/app/models/customer.rb": {
        "lines": [
          0,
          0
        ],
        "branches": {}
      }
    },
    "timestamp": 1768736433
  }
}
